#-----------------------------------------------------------
# Vivado v2019.2 (64-bit)
# SW Build 2708876 on Wed Nov  6 21:40:23 MST 2019
# IP Build 2700528 on Thu Nov  7 00:09:20 MST 2019
# Start of session at: Fri Oct 13 16:22:36 2023
# Process ID: 19924
# Current directory: D:/desktop/Git/xaunju
# Command line: vivado.exe -gui_launcher_event rodinguilauncherevent16460 D:\desktop\Git\xaunju\xaunju.xpr
# Log file: D:/desktop/Git/xaunju/vivado.log
# Journal file: D:/desktop/Git/xaunju\vivado.jou
#-----------------------------------------------------------
start_gui
open_project D:/desktop/Git/xaunju/xaunju.xpr
INFO: [Project 1-313] Project file moved from 'D:/desktop/vivado/xaunju' since last save.
Scanning sources...
Finished scanning sources
INFO: [IP_Flow 19-234] Refreshing IP repositories
INFO: [IP_Flow 19-1704] No user IP repositories specified
INFO: [IP_Flow 19-2313] Loaded Vivado IP repository 'D:/Xilinx/Vivado/2019.2/data/ip'.
update_compile_order -fileset sources_1
exit
INFO: [Common 17-206] Exiting Vivado at Fri Oct 13 16:44:54 2023...
