#-----------------------------------------------------------
# Vivado v2019.2 (64-bit)
# SW Build 2708876 on Wed Nov  6 21:40:23 MST 2019
# IP Build 2700528 on Thu Nov  7 00:09:20 MST 2019
# Start of session at: Sun Oct  8 20:53:30 2023
# Process ID: 7376
# Current directory: D:/desktop/vivado/first_week
# Command line: vivado.exe -gui_launcher_event rodinguilauncherevent11436 D:\desktop\vivado\first_week\first_week.xpr
# Log file: D:/desktop/vivado/first_week/vivado.log
# Journal file: D:/desktop/vivado/first_week\vivado.jou
#-----------------------------------------------------------
start_gui
open_project D:/desktop/vivado/first_week/first_week.xpr
Scanning sources...
Finished scanning sources
INFO: [IP_Flow 19-234] Refreshing IP repositories
INFO: [IP_Flow 19-1704] No user IP repositories specified
INFO: [IP_Flow 19-2313] Loaded Vivado IP repository 'D:/Xilinx/Vivado/2019.2/data/ip'.
update_compile_order -fileset sources_1
exit
INFO: [Common 17-206] Exiting Vivado at Sun Oct  8 21:38:18 2023...
